[2016-02-24 01:39:34,249][INFO ][node                     ] [Atlas] version[2.2.0], pid[912], build[8ff36d1/2016-01-27T13:32:39Z]
[2016-02-24 01:39:34,254][INFO ][node                     ] [Atlas] initializing ...
[2016-02-24 01:39:35,177][INFO ][plugins                  ] [Atlas] modules [lang-groovy, lang-expression], plugins [], sites []
[2016-02-24 01:39:35,221][INFO ][env                      ] [Atlas] using [1] data paths, mounts [[/ (none)]], net usable_space [4.7gb], net total_space [5.2gb], spins? [possibly], types [aufs]
[2016-02-24 01:39:35,221][INFO ][env                      ] [Atlas] heap size [989.8mb], compressed ordinary object pointers [true]
[2016-02-24 01:39:38,205][INFO ][node                     ] [Atlas] initialized
[2016-02-24 01:39:38,206][INFO ][node                     ] [Atlas] starting ...
[2016-02-24 01:39:38,402][INFO ][transport                ] [Atlas] publish_address {127.0.0.1:9300}, bound_addresses {127.0.0.1:9300}, {[::1]:9300}
[2016-02-24 01:39:38,419][INFO ][discovery                ] [Atlas] elasticsearch/I9NdgEN5Rvagwy531hwI6g
[2016-02-24 01:39:41,474][INFO ][cluster.service          ] [Atlas] new_master {Atlas}{I9NdgEN5Rvagwy531hwI6g}{127.0.0.1}{127.0.0.1:9300}, reason: zen-disco-join(elected_as_master, [0] joins received)
[2016-02-24 01:39:41,494][INFO ][http                     ] [Atlas] publish_address {127.0.0.1:9200}, bound_addresses {127.0.0.1:9200}, {[::1]:9200}
[2016-02-24 01:39:41,495][INFO ][node                     ] [Atlas] started
[2016-02-24 01:39:41,609][INFO ][gateway                  ] [Atlas] recovered [1] indices into cluster_state
[2016-02-24 01:39:42,355][INFO ][cluster.routing.allocation] [Atlas] Cluster health status changed from [RED] to [YELLOW] (reason: [shards started [[products][3]] ...]).
[2016-02-24 02:48:48,607][INFO ][node                     ] [Atlas] stopping ...
[2016-02-24 02:48:48,712][INFO ][node                     ] [Atlas] stopped
[2016-02-24 02:48:48,713][INFO ][node                     ] [Atlas] closing ...
[2016-02-24 02:48:48,732][INFO ][node                     ] [Atlas] closed
[2016-02-24 08:10:40,750][INFO ][node                     ] [M] version[2.2.0], pid[2973], build[8ff36d1/2016-01-27T13:32:39Z]
[2016-02-24 08:10:40,752][INFO ][node                     ] [M] initializing ...
[2016-02-24 08:10:42,006][INFO ][plugins                  ] [M] modules [lang-groovy, lang-expression], plugins [], sites []
[2016-02-24 08:10:42,094][INFO ][env                      ] [M] using [1] data paths, mounts [[/ (none)]], net usable_space [4.7gb], net total_space [5.2gb], spins? [possibly], types [aufs]
[2016-02-24 08:10:42,094][INFO ][env                      ] [M] heap size [989.8mb], compressed ordinary object pointers [true]
[2016-02-24 08:10:46,096][INFO ][node                     ] [M] initialized
[2016-02-24 08:10:46,097][INFO ][node                     ] [M] starting ...
[2016-02-24 08:10:46,288][INFO ][transport                ] [M] publish_address {127.0.0.1:9300}, bound_addresses {127.0.0.1:9300}, {[::1]:9300}
[2016-02-24 08:10:46,305][INFO ][discovery                ] [M] elasticsearch/IXy49rZLTuekaTRxA4IYtg
[2016-02-24 08:10:49,387][INFO ][cluster.service          ] [M] new_master {M}{IXy49rZLTuekaTRxA4IYtg}{127.0.0.1}{127.0.0.1:9300}, reason: zen-disco-join(elected_as_master, [0] joins received)
[2016-02-24 08:10:49,407][INFO ][http                     ] [M] publish_address {127.0.0.1:9200}, bound_addresses {127.0.0.1:9200}, {[::1]:9200}
[2016-02-24 08:10:49,407][INFO ][node                     ] [M] started
[2016-02-24 08:10:49,550][INFO ][gateway                  ] [M] recovered [1] indices into cluster_state
[2016-02-24 08:10:50,340][INFO ][cluster.routing.allocation] [M] Cluster health status changed from [RED] to [YELLOW] (reason: [shards started [[products][1]] ...]).
[2016-02-24 08:13:19,582][DEBUG][action.admin.indices.stats] [M] [indices:monitor/stats] failed to execute operation for shard [[products][1], node[IXy49rZLTuekaTRxA4IYtg], [P], v[10], s[STARTED], a[id=gJ_Gu9P4StCRlh9xJzfCgA]]
ElasticsearchException[failed to refresh store stats]; nested: NoSuchFileException[/home/ubuntu/workspace/elasticsearch/data/elasticsearch/nodes/0/indices/products/1/index];
	at org.elasticsearch.index.store.Store$StoreStatsCache.refresh(Store.java:1534)
	at org.elasticsearch.index.store.Store$StoreStatsCache.refresh(Store.java:1519)
	at org.elasticsearch.common.util.SingleObjectCache.getOrRefresh(SingleObjectCache.java:55)
	at org.elasticsearch.index.store.Store.stats(Store.java:293)
	at org.elasticsearch.index.shard.IndexShard.storeStats(IndexShard.java:665)
	at org.elasticsearch.action.admin.indices.stats.CommonStats.<init>(CommonStats.java:134)
	at org.elasticsearch.action.admin.indices.stats.TransportIndicesStatsAction.shardOperation(TransportIndicesStatsAction.java:165)
	at org.elasticsearch.action.admin.indices.stats.TransportIndicesStatsAction.shardOperation(TransportIndicesStatsAction.java:47)
	at org.elasticsearch.action.support.broadcast.node.TransportBroadcastByNodeAction$BroadcastByNodeTransportRequestHandler.onShardOperation(TransportBroadcastByNodeAction.java:409)
	at org.elasticsearch.action.support.broadcast.node.TransportBroadcastByNodeAction$BroadcastByNodeTransportRequestHandler.messageReceived(TransportBroadcastByNodeAction.java:388)
	at org.elasticsearch.action.support.broadcast.node.TransportBroadcastByNodeAction$BroadcastByNodeTransportRequestHandler.messageReceived(TransportBroadcastByNodeAction.java:375)
	at org.elasticsearch.transport.TransportService$4.doRun(TransportService.java:350)
	at org.elasticsearch.common.util.concurrent.AbstractRunnable.run(AbstractRunnable.java:37)
	at java.util.concurrent.ThreadPoolExecutor.runWorker(ThreadPoolExecutor.java:1145)
	at java.util.concurrent.ThreadPoolExecutor$Worker.run(ThreadPoolExecutor.java:615)
	at java.lang.Thread.run(Thread.java:745)
Caused by: java.nio.file.NoSuchFileException: /home/ubuntu/workspace/elasticsearch/data/elasticsearch/nodes/0/indices/products/1/index
	at sun.nio.fs.UnixException.translateToIOException(UnixException.java:86)
	at sun.nio.fs.UnixException.rethrowAsIOException(UnixException.java:102)
	at sun.nio.fs.UnixException.rethrowAsIOException(UnixException.java:107)
	at sun.nio.fs.UnixFileSystemProvider.newDirectoryStream(UnixFileSystemProvider.java:426)
	at java.nio.file.Files.newDirectoryStream(Files.java:413)
	at org.apache.lucene.store.FSDirectory.listAll(FSDirectory.java:190)
	at org.apache.lucene.store.FSDirectory.listAll(FSDirectory.java:202)
	at org.elasticsearch.index.store.FsDirectoryService$1.listAll(FsDirectoryService.java:127)
	at org.apache.lucene.store.FilterDirectory.listAll(FilterDirectory.java:57)
	at org.apache.lucene.store.FilterDirectory.listAll(FilterDirectory.java:57)
	at org.elasticsearch.index.store.Store$StoreStatsCache.estimateSize(Store.java:1540)
	at org.elasticsearch.index.store.Store$StoreStatsCache.refresh(Store.java:1532)
	... 15 more
[2016-02-24 08:13:19,589][DEBUG][action.admin.indices.stats] [M] [indices:monitor/stats] failed to execute operation for shard [[products][3], node[IXy49rZLTuekaTRxA4IYtg], [P], v[10], s[STARTED], a[id=hndUZWGjRb2aynCwFwv-MQ]]
ElasticsearchException[failed to refresh store stats]; nested: NoSuchFileException[/home/ubuntu/workspace/elasticsearch/data/elasticsearch/nodes/0/indices/products/3/index];
	at org.elasticsearch.index.store.Store$StoreStatsCache.refresh(Store.java:1534)
	at org.elasticsearch.index.store.Store$StoreStatsCache.refresh(Store.java:1519)
	at org.elasticsearch.common.util.SingleObjectCache.getOrRefresh(SingleObjectCache.java:55)
	at org.elasticsearch.index.store.Store.stats(Store.java:293)
	at org.elasticsearch.index.shard.IndexShard.storeStats(IndexShard.java:665)
	at org.elasticsearch.action.admin.indices.stats.CommonStats.<init>(CommonStats.java:134)
	at org.elasticsearch.action.admin.indices.stats.TransportIndicesStatsAction.shardOperation(TransportIndicesStatsAction.java:165)
	at org.elasticsearch.action.admin.indices.stats.TransportIndicesStatsAction.shardOperation(TransportIndicesStatsAction.java:47)
	at org.elasticsearch.action.support.broadcast.node.TransportBroadcastByNodeAction$BroadcastByNodeTransportRequestHandler.onShardOperation(TransportBroadcastByNodeAction.java:409)
	at org.elasticsearch.action.support.broadcast.node.TransportBroadcastByNodeAction$BroadcastByNodeTransportRequestHandler.messageReceived(TransportBroadcastByNodeAction.java:388)
	at org.elasticsearch.action.support.broadcast.node.TransportBroadcastByNodeAction$BroadcastByNodeTransportRequestHandler.messageReceived(TransportBroadcastByNodeAction.java:375)
	at org.elasticsearch.transport.TransportService$4.doRun(TransportService.java:350)
	at org.elasticsearch.common.util.concurrent.AbstractRunnable.run(AbstractRunnable.java:37)
	at java.util.concurrent.ThreadPoolExecutor.runWorker(ThreadPoolExecutor.java:1145)
	at java.util.concurrent.ThreadPoolExecutor$Worker.run(ThreadPoolExecutor.java:615)
	at java.lang.Thread.run(Thread.java:745)
Caused by: java.nio.file.NoSuchFileException: /home/ubuntu/workspace/elasticsearch/data/elasticsearch/nodes/0/indices/products/3/index
	at sun.nio.fs.UnixException.translateToIOException(UnixException.java:86)
	at sun.nio.fs.UnixException.rethrowAsIOException(UnixException.java:102)
	at sun.nio.fs.UnixException.rethrowAsIOException(UnixException.java:107)
	at sun.nio.fs.UnixFileSystemProvider.newDirectoryStream(UnixFileSystemProvider.java:426)
	at java.nio.file.Files.newDirectoryStream(Files.java:413)
	at org.apache.lucene.store.FSDirectory.listAll(FSDirectory.java:190)
	at org.apache.lucene.store.FSDirectory.listAll(FSDirectory.java:202)
	at org.elasticsearch.index.store.FsDirectoryService$1.listAll(FsDirectoryService.java:127)
	at org.apache.lucene.store.FilterDirectory.listAll(FilterDirectory.java:57)
	at org.apache.lucene.store.FilterDirectory.listAll(FilterDirectory.java:57)
	at org.elasticsearch.index.store.Store$StoreStatsCache.estimateSize(Store.java:1540)
	at org.elasticsearch.index.store.Store$StoreStatsCache.refresh(Store.java:1532)
	... 15 more
[2016-02-24 08:13:19,591][DEBUG][action.admin.indices.stats] [M] [indices:monitor/stats] failed to execute operation for shard [[products][2], node[IXy49rZLTuekaTRxA4IYtg], [P], v[10], s[STARTED], a[id=H-l5FRS-TyuDWQ_7zisf2w]]
ElasticsearchException[failed to refresh store stats]; nested: NoSuchFileException[/home/ubuntu/workspace/elasticsearch/data/elasticsearch/nodes/0/indices/products/2/index];
	at org.elasticsearch.index.store.Store$StoreStatsCache.refresh(Store.java:1534)
	at org.elasticsearch.index.store.Store$StoreStatsCache.refresh(Store.java:1519)
	at org.elasticsearch.common.util.SingleObjectCache.getOrRefresh(SingleObjectCache.java:55)
	at org.elasticsearch.index.store.Store.stats(Store.java:293)
	at org.elasticsearch.index.shard.IndexShard.storeStats(IndexShard.java:665)
	at org.elasticsearch.action.admin.indices.stats.CommonStats.<init>(CommonStats.java:134)
	at org.elasticsearch.action.admin.indices.stats.TransportIndicesStatsAction.shardOperation(TransportIndicesStatsAction.java:165)
	at org.elasticsearch.action.admin.indices.stats.TransportIndicesStatsAction.shardOperation(TransportIndicesStatsAction.java:47)
	at org.elasticsearch.action.support.broadcast.node.TransportBroadcastByNodeAction$BroadcastByNodeTransportRequestHandler.onShardOperation(TransportBroadcastByNodeAction.java:409)
	at org.elasticsearch.action.support.broadcast.node.TransportBroadcastByNodeAction$BroadcastByNodeTransportRequestHandler.messageReceived(TransportBroadcastByNodeAction.java:388)
	at org.elasticsearch.action.support.broadcast.node.TransportBroadcastByNodeAction$BroadcastByNodeTransportRequestHandler.messageReceived(TransportBroadcastByNodeAction.java:375)
	at org.elasticsearch.transport.TransportService$4.doRun(TransportService.java:350)
	at org.elasticsearch.common.util.concurrent.AbstractRunnable.run(AbstractRunnable.java:37)
	at java.util.concurrent.ThreadPoolExecutor.runWorker(ThreadPoolExecutor.java:1145)
	at java.util.concurrent.ThreadPoolExecutor$Worker.run(ThreadPoolExecutor.java:615)
	at java.lang.Thread.run(Thread.java:745)
Caused by: java.nio.file.NoSuchFileException: /home/ubuntu/workspace/elasticsearch/data/elasticsearch/nodes/0/indices/products/2/index
	at sun.nio.fs.UnixException.translateToIOException(UnixException.java:86)
	at sun.nio.fs.UnixException.rethrowAsIOException(UnixException.java:102)
	at sun.nio.fs.UnixException.rethrowAsIOException(UnixException.java:107)
	at sun.nio.fs.UnixFileSystemProvider.newDirectoryStream(UnixFileSystemProvider.java:426)
	at java.nio.file.Files.newDirectoryStream(Files.java:413)
	at org.apache.lucene.store.FSDirectory.listAll(FSDirectory.java:190)
	at org.apache.lucene.store.FSDirectory.listAll(FSDirectory.java:202)
	at org.elasticsearch.index.store.FsDirectoryService$1.listAll(FsDirectoryService.java:127)
	at org.apache.lucene.store.FilterDirectory.listAll(FilterDirectory.java:57)
	at org.apache.lucene.store.FilterDirectory.listAll(FilterDirectory.java:57)
	at org.elasticsearch.index.store.Store$StoreStatsCache.estimateSize(Store.java:1540)
	at org.elasticsearch.index.store.Store$StoreStatsCache.refresh(Store.java:1532)
	... 15 more
[2016-02-24 08:13:19,593][DEBUG][action.admin.indices.stats] [M] [indices:monitor/stats] failed to execute operation for shard [[products][4], node[IXy49rZLTuekaTRxA4IYtg], [P], v[10], s[STARTED], a[id=zkBgDKIJQf6B8kB_K8Mzfw]]
ElasticsearchException[failed to refresh store stats]; nested: NoSuchFileException[/home/ubuntu/workspace/elasticsearch/data/elasticsearch/nodes/0/indices/products/4/index];
	at org.elasticsearch.index.store.Store$StoreStatsCache.refresh(Store.java:1534)
	at org.elasticsearch.index.store.Store$StoreStatsCache.refresh(Store.java:1519)
	at org.elasticsearch.common.util.SingleObjectCache.getOrRefresh(SingleObjectCache.java:55)
	at org.elasticsearch.index.store.Store.stats(Store.java:293)
	at org.elasticsearch.index.shard.IndexShard.storeStats(IndexShard.java:665)
	at org.elasticsearch.action.admin.indices.stats.CommonStats.<init>(CommonStats.java:134)
	at org.elasticsearch.action.admin.indices.stats.TransportIndicesStatsAction.shardOperation(TransportIndicesStatsAction.java:165)
	at org.elasticsearch.action.admin.indices.stats.TransportIndicesStatsAction.shardOperation(TransportIndicesStatsAction.java:47)
	at org.elasticsearch.action.support.broadcast.node.TransportBroadcastByNodeAction$BroadcastByNodeTransportRequestHandler.onShardOperation(TransportBroadcastByNodeAction.java:409)
	at org.elasticsearch.action.support.broadcast.node.TransportBroadcastByNodeAction$BroadcastByNodeTransportRequestHandler.messageReceived(TransportBroadcastByNodeAction.java:388)
	at org.elasticsearch.action.support.broadcast.node.TransportBroadcastByNodeAction$BroadcastByNodeTransportRequestHandler.messageReceived(TransportBroadcastByNodeAction.java:375)
	at org.elasticsearch.transport.TransportService$4.doRun(TransportService.java:350)
	at org.elasticsearch.common.util.concurrent.AbstractRunnable.run(AbstractRunnable.java:37)
	at java.util.concurrent.ThreadPoolExecutor.runWorker(ThreadPoolExecutor.java:1145)
	at java.util.concurrent.ThreadPoolExecutor$Worker.run(ThreadPoolExecutor.java:615)
	at java.lang.Thread.run(Thread.java:745)
Caused by: java.nio.file.NoSuchFileException: /home/ubuntu/workspace/elasticsearch/data/elasticsearch/nodes/0/indices/products/4/index
	at sun.nio.fs.UnixException.translateToIOException(UnixException.java:86)
	at sun.nio.fs.UnixException.rethrowAsIOException(UnixException.java:102)
	at sun.nio.fs.UnixException.rethrowAsIOException(UnixException.java:107)
	at sun.nio.fs.UnixFileSystemProvider.newDirectoryStream(UnixFileSystemProvider.java:426)
	at java.nio.file.Files.newDirectoryStream(Files.java:413)
	at org.apache.lucene.store.FSDirectory.listAll(FSDirectory.java:190)
	at org.apache.lucene.store.FSDirectory.listAll(FSDirectory.java:202)
	at org.elasticsearch.index.store.FsDirectoryService$1.listAll(FsDirectoryService.java:127)
	at org.apache.lucene.store.FilterDirectory.listAll(FilterDirectory.java:57)
	at org.apache.lucene.store.FilterDirectory.listAll(FilterDirectory.java:57)
	at org.elasticsearch.index.store.Store$StoreStatsCache.estimateSize(Store.java:1540)
	at org.elasticsearch.index.store.Store$StoreStatsCache.refresh(Store.java:1532)
	... 15 more
[2016-02-24 08:13:19,595][DEBUG][action.admin.indices.stats] [M] [indices:monitor/stats] failed to execute operation for shard [[products][0], node[IXy49rZLTuekaTRxA4IYtg], [P], v[10], s[STARTED], a[id=wPCw_qLHQCaLRrj6njCoCw]]
ElasticsearchException[failed to refresh store stats]; nested: NoSuchFileException[/home/ubuntu/workspace/elasticsearch/data/elasticsearch/nodes/0/indices/products/0/index];
	at org.elasticsearch.index.store.Store$StoreStatsCache.refresh(Store.java:1534)
	at org.elasticsearch.index.store.Store$StoreStatsCache.refresh(Store.java:1519)
	at org.elasticsearch.common.util.SingleObjectCache.getOrRefresh(SingleObjectCache.java:55)
	at org.elasticsearch.index.store.Store.stats(Store.java:293)
	at org.elasticsearch.index.shard.IndexShard.storeStats(IndexShard.java:665)
	at org.elasticsearch.action.admin.indices.stats.CommonStats.<init>(CommonStats.java:134)
	at org.elasticsearch.action.admin.indices.stats.TransportIndicesStatsAction.shardOperation(TransportIndicesStatsAction.java:165)
	at org.elasticsearch.action.admin.indices.stats.TransportIndicesStatsAction.shardOperation(TransportIndicesStatsAction.java:47)
	at org.elasticsearch.action.support.broadcast.node.TransportBroadcastByNodeAction$BroadcastByNodeTransportRequestHandler.onShardOperation(TransportBroadcastByNodeAction.java:409)
	at org.elasticsearch.action.support.broadcast.node.TransportBroadcastByNodeAction$BroadcastByNodeTransportRequestHandler.messageReceived(TransportBroadcastByNodeAction.java:388)
	at org.elasticsearch.action.support.broadcast.node.TransportBroadcastByNodeAction$BroadcastByNodeTransportRequestHandler.messageReceived(TransportBroadcastByNodeAction.java:375)
	at org.elasticsearch.transport.TransportService$4.doRun(TransportService.java:350)
	at org.elasticsearch.common.util.concurrent.AbstractRunnable.run(AbstractRunnable.java:37)
	at java.util.concurrent.ThreadPoolExecutor.runWorker(ThreadPoolExecutor.java:1145)
	at java.util.concurrent.ThreadPoolExecutor$Worker.run(ThreadPoolExecutor.java:615)
	at java.lang.Thread.run(Thread.java:745)
Caused by: java.nio.file.NoSuchFileException: /home/ubuntu/workspace/elasticsearch/data/elasticsearch/nodes/0/indices/products/0/index
	at sun.nio.fs.UnixException.translateToIOException(UnixException.java:86)
	at sun.nio.fs.UnixException.rethrowAsIOException(UnixException.java:102)
	at sun.nio.fs.UnixException.rethrowAsIOException(UnixException.java:107)
	at sun.nio.fs.UnixFileSystemProvider.newDirectoryStream(UnixFileSystemProvider.java:426)
	at java.nio.file.Files.newDirectoryStream(Files.java:413)
	at org.apache.lucene.store.FSDirectory.listAll(FSDirectory.java:190)
	at org.apache.lucene.store.FSDirectory.listAll(FSDirectory.java:202)
	at org.elasticsearch.index.store.FsDirectoryService$1.listAll(FsDirectoryService.java:127)
	at org.apache.lucene.store.FilterDirectory.listAll(FilterDirectory.java:57)
	at org.apache.lucene.store.FilterDirectory.listAll(FilterDirectory.java:57)
	at org.elasticsearch.index.store.Store$StoreStatsCache.estimateSize(Store.java:1540)
	at org.elasticsearch.index.store.Store$StoreStatsCache.refresh(Store.java:1532)
	... 15 more
